<?xml version="1.0" encoding="UTF-8"?>
<testng-results skipped="0" failed="0" ignored="0" total="1" passed="1">
  <reporter-output>
  </reporter-output>
  <suite name="Default suite" duration-ms="47" started-at="2022-02-24T19:42:30 IST" finished-at="2022-02-24T19:42:30 IST">
    <groups>
    </groups>
    <test name="Default test" duration-ms="47" started-at="2022-02-24T19:42:30 IST" finished-at="2022-02-24T19:42:30 IST">
      <class name="com.scripts.ScriptTest">
        <test-method status="PASS" signature="scriptTest()[pri:0, instance:com.scripts.ScriptTest@5a8806ef]" name="scriptTest" duration-ms="0" started-at="2022-02-24T19:42:30 IST" finished-at="2022-02-24T19:42:30 IST">
          <reporter-output>
          </reporter-output>
        </test-method> <!-- scriptTest -->
      </class> <!-- com.scripts.ScriptTest -->
    </test> <!-- Default test -->
  </suite> <!-- Default suite -->
</testng-results>
